<?xml version="1.0" encoding="UTF-8"?>
<!-- Generated by org.testng.reporters.JUnitReportReporter -->
<testsuite hostname="Bibhudatta" failures="0" tests="1" name="com.crm.DemoMaven.LoginCMDParameter" time="35.214" errors="0" timestamp="2022-03-23T12:52:15 IST" skipped="0">
  <testcase classname="com.crm.DemoMaven.LoginCMDParameter" name="login" time="35.214"/>
  <system-out/>
</testsuite> <!-- com.crm.DemoMaven.LoginCMDParameter -->
