<?xml version="1.0" encoding="UTF-8"?>
<!-- Generated by org.testng.reporters.JUnitReportReporter -->
<testsuite hostname="Bibhudatta" failures="0" tests="1" name="com.crm.DemoMaven.ProperitesFromHereTest" time="0.014" errors="0" timestamp="2022-03-23T12:24:23 IST" skipped="0">
  <testcase classname="com.crm.DemoMaven.ProperitesFromHereTest" name="dataMethod" time="0.014"/>
  <system-out/>
</testsuite> <!-- com.crm.DemoMaven.ProperitesFromHereTest -->
